<?xml version="1.0" encoding="UTF-8"?>
<!-- Generated by org.testng.reporters.JUnitXMLReporter -->
<testsuite ignored="0" hostname="LAPTOP-47KEHV7J" failures="0" tests="4" name="Default test" time="0.106" errors="0" timestamp="2025-08-17T22:47:44 IST">
  <testcase classname="ApplicationLaunchTesting.DataDrivenTestingTest" name="BookTicket" time="0.013"/>
  <testcase classname="ApplicationLaunchTesting.DataDrivenTestingTest" name="BookTicket" time="0.002"/>
  <testcase classname="ApplicationLaunchTesting.DataDrivenTestingTest" name="BookTicket" time="0.003"/>
  <testcase classname="ApplicationLaunchTesting.DataDrivenTestingTest" name="BookTicket" time="0.002"/>
</testsuite> <!-- Default test -->
