<?xml version="1.0" encoding="UTF-8"?>
<!-- Generated by org.testng.reporters.JUnitXMLReporter -->
<testsuite ignored="2" hostname="LAPTOP-47KEHV7J" failures="0" tests="2" name="Test002" time="26.821" errors="0" timestamp="2025-08-16T13:26:23 IST">
  <testcase classname="VtigerPackage001.CreateProduct" name="testProduct" time="6.766"/>
  <testcase classname="VtigerPackage001.CreateOrgnization" name="logintoApp" time="3.709"/>
  <testcase classname="Generic_Utility.BaseClass" name="@BeforeSuite connectToDB" time="0.0">
    <ignored/>
  </testcase> <!-- @BeforeSuite connectToDB -->
  <testcase classname="Generic_Utility.BaseClass" name="@AfterSuite closeTheDB" time="0.0">
    <ignored/>
  </testcase> <!-- @AfterSuite closeTheDB -->
</testsuite> <!-- Test002 -->
