<?xml version="1.0" encoding="UTF-8"?>
<!-- Generated by org.testng.reporters.JUnitXMLReporter -->
<testsuite ignored="2" hostname="LAPTOP-47KEHV7J" failures="0" tests="2" name="Test" time="34.802" errors="0" timestamp="2025-08-11T22:20:16 IST">
  <testcase classname="VtigerPackage001.CreateDocuments" name="testDocument" time="7.983"/>
  <testcase classname="VtigerPackage001.CreateProduct" name="testProduct" time="4.367"/>
  <testcase classname="Generic_Utility.BaseClass" name="@BeforeSuite connectToDB" time="0.0">
    <ignored/>
  </testcase> <!-- @BeforeSuite connectToDB -->
  <testcase classname="Generic_Utility.BaseClass" name="@AfterSuite closeTheDB" time="0.0">
    <ignored/>
  </testcase> <!-- @AfterSuite closeTheDB -->
</testsuite> <!-- Test -->
