<?xml version="1.0" encoding="UTF-8"?>
<!-- Generated by org.testng.reporters.JUnitXMLReporter -->
<testsuite ignored="6" hostname="LAPTOP-47KEHV7J" failures="0" tests="4" name="Test" time="105.597" errors="0" timestamp="2025-09-02T21:51:55 IST">
  <testcase classname="VtigerPackage001.CreateDocuments" name="testDocument" time="37.148"/>
  <testcase classname="VtigerPackage001.Create_DashBoard" name="dashboardTest" time="7.209"/>
  <testcase classname="VtigerPackage001.CreateProduct" name="testProduct" time="10.24"/>
  <testcase classname="VtigerPackage001.CreateOrgnization" name="logintoApp" time="9.016"/>
  <testcase classname="Generic_Utility.BaseClass" name="@BeforeSuite connectToDB" time="0.0">
    <ignored/>
  </testcase> <!-- @BeforeSuite connectToDB -->
  <testcase classname="Generic_Utility.BaseClass" name="@BeforeSuite connectToDB" time="0.0">
    <ignored/>
  </testcase> <!-- @BeforeSuite connectToDB -->
  <testcase classname="Generic_Utility.BaseClass" name="@BeforeSuite connectToDB" time="0.0">
    <ignored/>
  </testcase> <!-- @BeforeSuite connectToDB -->
  <testcase classname="Generic_Utility.BaseClass" name="@AfterSuite closeTheDB" time="0.0">
    <ignored/>
  </testcase> <!-- @AfterSuite closeTheDB -->
  <testcase classname="Generic_Utility.BaseClass" name="@AfterSuite closeTheDB" time="0.0">
    <ignored/>
  </testcase> <!-- @AfterSuite closeTheDB -->
  <testcase classname="Generic_Utility.BaseClass" name="@AfterSuite closeTheDB" time="0.0">
    <ignored/>
  </testcase> <!-- @AfterSuite closeTheDB -->
</testsuite> <!-- Test -->
