<?xml version="1.0" encoding="UTF-8"?>
<testng-results ignored="0" total="1" passed="1" failed="0" skipped="0">
  <reporter-output>
  </reporter-output>
  <suite started-at="2025-09-21T16:38:45 IST" name="Default suite" finished-at="2025-09-21T16:39:01 IST" duration-ms="16114">
    <groups>
      <group name="sanity">
        <method signature="CreateProduct.testProduct()[pri:0, instance:VtigerPackage001.CreateProduct@f5acb9d]" name="testProduct" class="VtigerPackage001.CreateProduct"/>
      </group> <!-- sanity -->
    </groups>
    <test started-at="2025-09-21T16:38:45 IST" name="Default test" finished-at="2025-09-21T16:39:01 IST" duration-ms="16114">
      <class name="VtigerPackage001.CreateProduct">
        <test-method is-config="true" signature="connectToDB()[pri:0, instance:VtigerPackage001.CreateProduct@f5acb9d]" started-at="2025-09-21T16:38:45 IST" name="connectToDB" finished-at="2025-09-21T16:38:45 IST" duration-ms="11" status="PASS">
          <reporter-output>
          </reporter-output>
        </test-method> <!-- connectToDB -->
        <test-method is-config="true" signature="launchApplication()[pri:0, instance:VtigerPackage001.CreateProduct@f5acb9d]" started-at="2025-09-21T16:38:45 IST" name="launchApplication" finished-at="2025-09-21T16:38:48 IST" duration-ms="2678" status="PASS">
          <reporter-output>
          </reporter-output>
        </test-method> <!-- launchApplication -->
        <test-method is-config="true" signature="loginApplication()[pri:0, instance:VtigerPackage001.CreateProduct@f5acb9d]" started-at="2025-09-21T16:38:48 IST" name="loginApplication" finished-at="2025-09-21T16:38:48 IST" duration-ms="300" status="PASS">
          <reporter-output>
          </reporter-output>
        </test-method> <!-- loginApplication -->
        <test-method signature="testProduct()[pri:0, instance:VtigerPackage001.CreateProduct@f5acb9d]" started-at="2025-09-21T16:38:48 IST" name="testProduct" finished-at="2025-09-21T16:38:55 IST" duration-ms="7277" status="PASS">
          <reporter-output>
          </reporter-output>
        </test-method> <!-- testProduct -->
        <test-method is-config="true" signature="logoutApplication()[pri:0, instance:VtigerPackage001.CreateProduct@f5acb9d]" started-at="2025-09-21T16:38:55 IST" name="logoutApplication" finished-at="2025-09-21T16:39:01 IST" duration-ms="5218" status="PASS">
          <reporter-output>
          </reporter-output>
        </test-method> <!-- logoutApplication -->
        <test-method is-config="true" signature="closeApplication()[pri:0, instance:VtigerPackage001.CreateProduct@f5acb9d]" started-at="2025-09-21T16:39:01 IST" name="closeApplication" finished-at="2025-09-21T16:39:01 IST" duration-ms="597" status="PASS">
          <reporter-output>
          </reporter-output>
        </test-method> <!-- closeApplication -->
        <test-method is-config="true" signature="closeTheDB()[pri:0, instance:VtigerPackage001.CreateProduct@f5acb9d]" started-at="2025-09-21T16:39:01 IST" name="closeTheDB" finished-at="2025-09-21T16:39:01 IST" duration-ms="0" status="PASS">
          <reporter-output>
          </reporter-output>
        </test-method> <!-- closeTheDB -->
      </class> <!-- VtigerPackage001.CreateProduct -->
    </test> <!-- Default test -->
  </suite> <!-- Default suite -->
</testng-results>
